<?xml version="1.0" encoding="UTF-8"?>
<!-- Generated by org.testng.reporters.JUnitXMLReporter -->
<testsuite ignored="0" hostname="LAPTOP-MFNDGBO1" failures="0" tests="7" name="Surefire test" time="10.068" errors="0" timestamp="2023-08-04T17:46:08 IST">
  <testcase classname="mavan.Testngone" name="openApp" time="3.202"/>
  <testcase classname="mavan.Testngone" name="loginApp" time="0.684"/>
  <testcase classname="mavan.Testngone" name="logoutApp" time="0.205"/>
  <testcase classname="mavan.Testngone" name="closeApp" time="0.949"/>
  <testcase classname="mavan.Testngtwo" name="openApp" time="2.302"/>
  <testcase classname="mavan.Testngtwo" name="waitforsometime" time="2.003"/>
  <testcase classname="mavan.Testngtwo" name="closeApp" time="0.683"/>
</testsuite> <!-- Surefire test -->
