<?xml version="1.0" encoding="UTF-8"?>
<!-- Generated by org.testng.reporters.JUnitXMLReporter -->
<testsuite ignored="0" hostname="LAPTOP-MFNDGBO1" failures="0" tests="3" name="Default test" time="5.824" errors="0" timestamp="2023-08-04T17:30:51 IST">
  <testcase classname="mavan.Testngtwo" name="openApp" time="2.923"/>
  <testcase classname="mavan.Testngtwo" name="waitforsometime" time="2.003"/>
  <testcase classname="mavan.Testngtwo" name="closeApp" time="0.856"/>
</testsuite> <!-- Default test -->
