<?xml version="1.0" encoding="UTF-8"?>
<!-- Generated by org.testng.reporters.JUnitXMLReporter -->
<testsuite ignored="0" hostname="LAPTOP-MFNDGBO1" failures="0" tests="7" name="Test" time="10.325" errors="0" timestamp="2023-08-04T17:43:21 IST">
  <testcase classname="mavan.Testngone" name="openApp" time="3.295"/>
  <testcase classname="mavan.Testngone" name="loginApp" time="0.609"/>
  <testcase classname="mavan.Testngone" name="logoutApp" time="0.264"/>
  <testcase classname="mavan.Testngone" name="closeApp" time="0.872"/>
  <testcase classname="mavan.Testngtwo" name="openApp" time="2.326"/>
  <testcase classname="mavan.Testngtwo" name="waitforsometime" time="2.003"/>
  <testcase classname="mavan.Testngtwo" name="closeApp" time="0.908"/>
</testsuite> <!-- Test -->
