<?xml version="1.0" encoding="UTF-8"?>
<!-- Generated by org.testng.reporters.JUnitXMLReporter -->
<testsuite ignored="0" hostname="LAPTOP-MFNDGBO1" failures="0" tests="7" name="Test" time="13.817" errors="0" timestamp="2023-08-04T18:00:55 IST">
  <testcase classname="mavan.Testngone" name="openApp" time="5.537"/>
  <testcase classname="mavan.Testngone" name="loginApp" time="0.937"/>
  <testcase classname="mavan.Testngone" name="logoutApp" time="0.35"/>
  <testcase classname="mavan.Testngone" name="closeApp" time="1.179"/>
  <testcase classname="mavan.Testngtwo" name="openApp" time="2.823"/>
  <testcase classname="mavan.Testngtwo" name="waitforsometime" time="2.005"/>
  <testcase classname="mavan.Testngtwo" name="closeApp" time="0.928"/>
</testsuite> <!-- Test -->
