<?xml version="1.0" encoding="UTF-8"?>
<testng-results ignored="0" total="7" passed="7" failed="0" skipped="0">
  <reporter-output>
  </reporter-output>
  <suite started-at="2023-08-04T18:00:41 IST" name="Suite" finished-at="2023-08-04T18:00:55 IST" duration-ms="13817">
    <groups>
    </groups>
    <test started-at="2023-08-04T18:00:41 IST" name="Test" finished-at="2023-08-04T18:00:55 IST" duration-ms="13817">
      <class name="mavan.Testngone">
        <test-method signature="openApp()[pri:1, instance:mavan.Testngone@7714e963]" started-at="2023-08-04T18:00:41 IST" name="openApp" finished-at="2023-08-04T18:00:46 IST" duration-ms="5537" status="PASS">
          <reporter-output>
          </reporter-output>
        </test-method> <!-- openApp -->
        <test-method signature="loginApp()[pri:2, instance:mavan.Testngone@7714e963]" started-at="2023-08-04T18:00:46 IST" name="loginApp" finished-at="2023-08-04T18:00:47 IST" duration-ms="937" status="PASS">
          <reporter-output>
          </reporter-output>
        </test-method> <!-- loginApp -->
        <test-method signature="logoutApp()[pri:3, instance:mavan.Testngone@7714e963]" started-at="2023-08-04T18:00:47 IST" name="logoutApp" finished-at="2023-08-04T18:00:48 IST" duration-ms="350" status="PASS">
          <reporter-output>
          </reporter-output>
        </test-method> <!-- logoutApp -->
        <test-method signature="closeApp()[pri:4, instance:mavan.Testngone@7714e963]" started-at="2023-08-04T18:00:48 IST" name="closeApp" finished-at="2023-08-04T18:00:49 IST" duration-ms="1179" status="PASS">
          <reporter-output>
          </reporter-output>
        </test-method> <!-- closeApp -->
      </class> <!-- mavan.Testngone -->
      <class name="mavan.Testngtwo">
        <test-method signature="openApp()[pri:1, instance:mavan.Testngtwo@1ab3a8c8]" started-at="2023-08-04T18:00:49 IST" name="openApp" finished-at="2023-08-04T18:00:52 IST" duration-ms="2823" status="PASS">
          <reporter-output>
          </reporter-output>
        </test-method> <!-- openApp -->
        <test-method signature="waitforsometime()[pri:2, instance:mavan.Testngtwo@1ab3a8c8]" started-at="2023-08-04T18:00:52 IST" name="waitforsometime" finished-at="2023-08-04T18:00:54 IST" duration-ms="2005" status="PASS">
          <reporter-output>
          </reporter-output>
        </test-method> <!-- waitforsometime -->
        <test-method signature="closeApp()[pri:3, instance:mavan.Testngtwo@1ab3a8c8]" started-at="2023-08-04T18:00:54 IST" name="closeApp" finished-at="2023-08-04T18:00:55 IST" duration-ms="928" status="PASS">
          <reporter-output>
          </reporter-output>
        </test-method> <!-- closeApp -->
      </class> <!-- mavan.Testngtwo -->
    </test> <!-- Test -->
  </suite> <!-- Suite -->
</testng-results>
